Performing C++ SOURCE FILE Test CMAKE_HAVE_LIBC_PTHREAD failed with the following output:
Change Dir: /Users/bytedance/abseil-cpp/cmake-build-debug/CMakeFiles/CMakeTmp

Run Build Command(s):/usr/bin/make cmTC_f6bef/fast && /Applications/Xcode.app/Contents/Developer/usr/bin/make  -f CMakeFiles/cmTC_f6bef.dir/build.make CMakeFiles/cmTC_f6bef.dir/build
Building CXX object CMakeFiles/cmTC_f6bef.dir/src.cxx.o
/Users/bytedance/Library/Android/sdk/ndk/21.3.6528147/toolchains/llvm/prebuilt/darwin-x86_64/bin/armv7a-linux-androideabi30-clang++   -DCMAKE_HAVE_LIBC_PTHREAD -isysroot /Applications/Xcode.app/Contents/Developer/Platforms/MacOSX.platform/Developer/SDKs/MacOSX12.3.sdk -o CMakeFiles/cmTC_f6bef.dir/src.cxx.o -c /Users/bytedance/abseil-cpp/cmake-build-debug/CMakeFiles/CMakeTmp/src.cxx
/Users/bytedance/abseil-cpp/cmake-build-debug/CMakeFiles/CMakeTmp/src.cxx:13:3: error: use of undeclared identifier 'pthread_cancel'
  pthread_cancel(thread);
  ^
1 error generated.
make[1]: *** [CMakeFiles/cmTC_f6bef.dir/src.cxx.o] Error 1
make: *** [cmTC_f6bef/fast] Error 2


Source file was:
#include <pthread.h>

void* test_func(void* data)
{
  return data;
}

int main(void)
{
  pthread_t thread;
  pthread_create(&thread, NULL, test_func, NULL);
  pthread_detach(thread);
  pthread_cancel(thread);
  pthread_join(thread, NULL);
  pthread_atfork(NULL, NULL, NULL);
  pthread_exit(NULL);

  return 0;
}

Determining if the function pthread_create exists in the pthreads failed with the following output:
Change Dir: /Users/bytedance/abseil-cpp/cmake-build-debug/CMakeFiles/CMakeTmp

Run Build Command(s):/usr/bin/make cmTC_be51d/fast && /Applications/Xcode.app/Contents/Developer/usr/bin/make  -f CMakeFiles/cmTC_be51d.dir/build.make CMakeFiles/cmTC_be51d.dir/build
Building CXX object CMakeFiles/cmTC_be51d.dir/CheckFunctionExists.cxx.o
/Users/bytedance/Library/Android/sdk/ndk/21.3.6528147/toolchains/llvm/prebuilt/darwin-x86_64/bin/armv7a-linux-androideabi30-clang++   -DCHECK_FUNCTION_EXISTS=pthread_create -isysroot /Applications/Xcode.app/Contents/Developer/Platforms/MacOSX.platform/Developer/SDKs/MacOSX12.3.sdk -o CMakeFiles/cmTC_be51d.dir/CheckFunctionExists.cxx.o -c /Users/bytedance/abseil-cpp/cmake-build-debug/CMakeFiles/CheckLibraryExists/CheckFunctionExists.cxx
Linking CXX executable cmTC_be51d
/Users/bytedance/Library/Android/sdk/cmake/3.18.1/bin/cmake -E cmake_link_script CMakeFiles/cmTC_be51d.dir/link.txt --verbose=1
/Users/bytedance/Library/Android/sdk/ndk/21.3.6528147/toolchains/llvm/prebuilt/darwin-x86_64/bin/armv7a-linux-androideabi30-clang++  -DCHECK_FUNCTION_EXISTS=pthread_create -isysroot /Applications/Xcode.app/Contents/Developer/Platforms/MacOSX.platform/Developer/SDKs/MacOSX12.3.sdk -Wl,-search_paths_first -Wl,-headerpad_max_install_names CMakeFiles/cmTC_be51d.dir/CheckFunctionExists.cxx.o -o cmTC_be51d  -lpthreads 
/Users/bytedance/Library/Android/sdk/ndk/21.3.6528147/toolchains/llvm/prebuilt/darwin-x86_64/bin/../lib/gcc/arm-linux-androideabi/4.9.x/../../../../arm-linux-androideabi/bin/ld: error: cannot find -lpthreads
/Users/bytedance/Library/Android/sdk/ndk/21.3.6528147/toolchains/llvm/prebuilt/darwin-x86_64/bin/../lib/gcc/arm-linux-androideabi/4.9.x/../../../../arm-linux-androideabi/bin/ld: warning: cannot find entry symbol 'arch_paths_first'
clang++: error: linker command failed with exit code 1 (use -v to see invocation)
make[1]: *** [cmTC_be51d] Error 1
make: *** [cmTC_be51d/fast] Error 2



Determining if the function pthread_create exists in the pthread failed with the following output:
Change Dir: /Users/bytedance/abseil-cpp/cmake-build-debug/CMakeFiles/CMakeTmp

Run Build Command(s):/usr/bin/make cmTC_417b9/fast && /Applications/Xcode.app/Contents/Developer/usr/bin/make  -f CMakeFiles/cmTC_417b9.dir/build.make CMakeFiles/cmTC_417b9.dir/build
Building CXX object CMakeFiles/cmTC_417b9.dir/CheckFunctionExists.cxx.o
/Users/bytedance/Library/Android/sdk/ndk/21.3.6528147/toolchains/llvm/prebuilt/darwin-x86_64/bin/armv7a-linux-androideabi30-clang++   -DCHECK_FUNCTION_EXISTS=pthread_create -isysroot /Applications/Xcode.app/Contents/Developer/Platforms/MacOSX.platform/Developer/SDKs/MacOSX12.3.sdk -o CMakeFiles/cmTC_417b9.dir/CheckFunctionExists.cxx.o -c /Users/bytedance/abseil-cpp/cmake-build-debug/CMakeFiles/CheckLibraryExists/CheckFunctionExists.cxx
Linking CXX executable cmTC_417b9
/Users/bytedance/Library/Android/sdk/cmake/3.18.1/bin/cmake -E cmake_link_script CMakeFiles/cmTC_417b9.dir/link.txt --verbose=1
/Users/bytedance/Library/Android/sdk/ndk/21.3.6528147/toolchains/llvm/prebuilt/darwin-x86_64/bin/armv7a-linux-androideabi30-clang++  -DCHECK_FUNCTION_EXISTS=pthread_create -isysroot /Applications/Xcode.app/Contents/Developer/Platforms/MacOSX.platform/Developer/SDKs/MacOSX12.3.sdk -Wl,-search_paths_first -Wl,-headerpad_max_install_names CMakeFiles/cmTC_417b9.dir/CheckFunctionExists.cxx.o -o cmTC_417b9  -lpthread 
/Users/bytedance/Library/Android/sdk/ndk/21.3.6528147/toolchains/llvm/prebuilt/darwin-x86_64/bin/../lib/gcc/arm-linux-androideabi/4.9.x/../../../../arm-linux-androideabi/bin/ld: error: cannot find -lpthread
/Users/bytedance/Library/Android/sdk/ndk/21.3.6528147/toolchains/llvm/prebuilt/darwin-x86_64/bin/../lib/gcc/arm-linux-androideabi/4.9.x/../../../../arm-linux-androideabi/bin/ld: warning: cannot find entry symbol 'arch_paths_first'
clang++: error: linker command failed with exit code 1 (use -v to see invocation)
make[1]: *** [cmTC_417b9] Error 1
make: *** [cmTC_417b9/fast] Error 2



