The system is: Darwin - 21.6.0 - x86_64
Compiling the CXX compiler identification source file "CMakeCXXCompilerId.cpp" succeeded.
Compiler: /Users/bytedance/Library/Android/sdk/ndk/21.3.6528147/toolchains/llvm/prebuilt/darwin-x86_64/bin/armv7a-linux-androideabi30-clang++ 
Build flags: 
Id flags:  

The output was:
0


Compilation of the CXX compiler identification source "CMakeCXXCompilerId.cpp" produced "a.out"

The CXX compiler identification is Clang, found in "/Users/bytedance/abseil-cpp/cmake-build-debug/CMakeFiles/3.18.1-g262b901/CompilerIdCXX/a.out"

Detecting CXX compiler ABI info compiled with the following output:
Change Dir: /Users/bytedance/abseil-cpp/cmake-build-debug/CMakeFiles/CMakeTmp

Run Build Command(s):/usr/bin/make cmTC_d7386/fast && /Applications/Xcode.app/Contents/Developer/usr/bin/make  -f CMakeFiles/cmTC_d7386.dir/build.make CMakeFiles/cmTC_d7386.dir/build
Building CXX object CMakeFiles/cmTC_d7386.dir/CMakeCXXCompilerABI.cpp.o
/Users/bytedance/Library/Android/sdk/ndk/21.3.6528147/toolchains/llvm/prebuilt/darwin-x86_64/bin/armv7a-linux-androideabi30-clang++   -isysroot /Applications/Xcode.app/Contents/Developer/Platforms/MacOSX.platform/Developer/SDKs/MacOSX12.3.sdk   -v -Wl,-v -o CMakeFiles/cmTC_d7386.dir/CMakeCXXCompilerABI.cpp.o -c /Users/bytedance/Library/Android/sdk/cmake/3.18.1/share/cmake-3.18/Modules/CMakeCXXCompilerABI.cpp
Android (6454773 based on r365631c2) clang version 9.0.8 (https://android.googlesource.com/toolchain/llvm-project 98c855489587874b2a325e7a516b99d838599c6f) (based on LLVM 9.0.8svn)
Target: armv7a-unknown-linux-android30
Thread model: posix
InstalledDir: /Users/bytedance/Library/Android/sdk/ndk/21.3.6528147/toolchains/llvm/prebuilt/darwin-x86_64/bin
Found candidate GCC installation: /Users/bytedance/Library/Android/sdk/ndk/21.3.6528147/toolchains/llvm/prebuilt/darwin-x86_64/bin/../lib/gcc/arm-linux-androideabi/4.9.x
Selected GCC installation: /Users/bytedance/Library/Android/sdk/ndk/21.3.6528147/toolchains/llvm/prebuilt/darwin-x86_64/bin/../lib/gcc/arm-linux-androideabi/4.9.x
Candidate multilib: thumb;@mthumb
Candidate multilib: armv7-a;@march=armv7-a
Candidate multilib: armv7-a/thumb;@march=armv7-a@mthumb
Candidate multilib: .;
Selected multilib: armv7-a;@march=armv7-a
clang++: warning: -Wl,-v: 'linker' input unused [-Wunused-command-line-argument]
 "/Users/bytedance/Library/Android/sdk/ndk/21.3.6528147/toolchains/llvm/prebuilt/darwin-x86_64/bin/clang++" -cc1 -triple armv7-unknown-linux-android30 -emit-obj -mrelax-all -mnoexecstack -disable-free -disable-llvm-verifier -discard-value-names -main-file-name CMakeCXXCompilerABI.cpp -mrelocation-model pic -pic-level 2 -pic-is-pie -mthread-model posix -mdisable-fp-elim -masm-verbose -mconstructor-aliases -fuse-init-array -target-cpu generic -target-feature +soft-float-abi -target-feature +fpregs -target-feature +vfp2 -target-feature +vfp2d16 -target-feature +vfp2d16sp -target-feature +vfp2sp -target-feature +vfp3 -target-feature +vfp3d16 -target-feature +vfp3d16sp -target-feature +vfp3sp -target-feature -fp16 -target-feature -vfp4 -target-feature -vfp4d16 -target-feature -vfp4d16sp -target-feature -vfp4sp -target-feature -fp-armv8 -target-feature -fp-armv8d16 -target-feature -fp-armv8d16sp -target-feature -fp-armv8sp -target-feature -fullfp16 -target-feature +fp64 -target-feature +d32 -target-feature +neon -target-feature -crypto -target-feature -fp16fml -target-abi aapcs-linux -mfloat-abi soft -fallow-half-arguments-and-returns -dwarf-column-info -debugger-tuning=gdb -target-linker-version 305 -v -coverage-notes-file /Users/bytedance/abseil-cpp/cmake-build-debug/CMakeFiles/CMakeTmp/CMakeFiles/cmTC_d7386.dir/CMakeCXXCompilerABI.cpp.gcno -resource-dir /Users/bytedance/Library/Android/sdk/ndk/21.3.6528147/toolchains/llvm/prebuilt/darwin-x86_64/lib64/clang/9.0.8 -isysroot /Applications/Xcode.app/Contents/Developer/Platforms/MacOSX.platform/Developer/SDKs/MacOSX12.3.sdk -internal-isystem /Users/bytedance/Library/Android/sdk/ndk/21.3.6528147/toolchains/llvm/prebuilt/darwin-x86_64/bin/../sysroot/usr/include/c++/v1 -internal-isystem /Users/bytedance/Library/Android/sdk/ndk/21.3.6528147/toolchains/llvm/prebuilt/darwin-x86_64/bin/../sysroot/usr/local/include -internal-isystem /Users/bytedance/Library/Android/sdk/ndk/21.3.6528147/toolchains/llvm/prebuilt/darwin-x86_64/lib64/clang/9.0.8/include -internal-externc-isystem /Users/bytedance/Library/Android/sdk/ndk/21.3.6528147/toolchains/llvm/prebuilt/darwin-x86_64/bin/../sysroot/usr/include/arm-linux-androideabi -internal-externc-isystem /Users/bytedance/Library/Android/sdk/ndk/21.3.6528147/toolchains/llvm/prebuilt/darwin-x86_64/bin/../sysroot/include -internal-externc-isystem /Users/bytedance/Library/Android/sdk/ndk/21.3.6528147/toolchains/llvm/prebuilt/darwin-x86_64/bin/../sysroot/usr/include -fdeprecated-macro -fdebug-compilation-dir /Users/bytedance/abseil-cpp/cmake-build-debug/CMakeFiles/CMakeTmp -ferror-limit 19 -fmessage-length 0 -fno-signed-char -fobjc-runtime=gcc -fcxx-exceptions -fexceptions -fdiagnostics-show-option -o CMakeFiles/cmTC_d7386.dir/CMakeCXXCompilerABI.cpp.o -x c++ /Users/bytedance/Library/Android/sdk/cmake/3.18.1/share/cmake-3.18/Modules/CMakeCXXCompilerABI.cpp
clang -cc1 version 9.0.8 based upon LLVM 9.0.8svn default target x86_64-apple-darwin21.6.0
ignoring nonexistent directory "/Users/bytedance/Library/Android/sdk/ndk/21.3.6528147/toolchains/llvm/prebuilt/darwin-x86_64/bin/../sysroot/include"
#include "..." search starts here:
#include <...> search starts here:
 /Users/bytedance/Library/Android/sdk/ndk/21.3.6528147/toolchains/llvm/prebuilt/darwin-x86_64/bin/../sysroot/usr/include/c++/v1
 /Users/bytedance/Library/Android/sdk/ndk/21.3.6528147/toolchains/llvm/prebuilt/darwin-x86_64/bin/../sysroot/usr/local/include
 /Users/bytedance/Library/Android/sdk/ndk/21.3.6528147/toolchains/llvm/prebuilt/darwin-x86_64/lib64/clang/9.0.8/include
 /Users/bytedance/Library/Android/sdk/ndk/21.3.6528147/toolchains/llvm/prebuilt/darwin-x86_64/bin/../sysroot/usr/include/arm-linux-androideabi
 /Users/bytedance/Library/Android/sdk/ndk/21.3.6528147/toolchains/llvm/prebuilt/darwin-x86_64/bin/../sysroot/usr/include
End of search list.
Linking CXX executable cmTC_d7386
/Users/bytedance/Library/Android/sdk/cmake/3.18.1/bin/cmake -E cmake_link_script CMakeFiles/cmTC_d7386.dir/link.txt --verbose=1
/Users/bytedance/Library/Android/sdk/ndk/21.3.6528147/toolchains/llvm/prebuilt/darwin-x86_64/bin/armv7a-linux-androideabi30-clang++  -isysroot /Applications/Xcode.app/Contents/Developer/Platforms/MacOSX.platform/Developer/SDKs/MacOSX12.3.sdk -Wl,-search_paths_first -Wl,-headerpad_max_install_names  -v -Wl,-v CMakeFiles/cmTC_d7386.dir/CMakeCXXCompilerABI.cpp.o -o cmTC_d7386 
Android (6454773 based on r365631c2) clang version 9.0.8 (https://android.googlesource.com/toolchain/llvm-project 98c855489587874b2a325e7a516b99d838599c6f) (based on LLVM 9.0.8svn)
Target: armv7a-unknown-linux-android30
Thread model: posix
InstalledDir: /Users/bytedance/Library/Android/sdk/ndk/21.3.6528147/toolchains/llvm/prebuilt/darwin-x86_64/bin
Found candidate GCC installation: /Users/bytedance/Library/Android/sdk/ndk/21.3.6528147/toolchains/llvm/prebuilt/darwin-x86_64/bin/../lib/gcc/arm-linux-androideabi/4.9.x
Selected GCC installation: /Users/bytedance/Library/Android/sdk/ndk/21.3.6528147/toolchains/llvm/prebuilt/darwin-x86_64/bin/../lib/gcc/arm-linux-androideabi/4.9.x
Candidate multilib: thumb;@mthumb
Candidate multilib: armv7-a;@march=armv7-a
Candidate multilib: armv7-a/thumb;@march=armv7-a@mthumb
Candidate multilib: .;
Selected multilib: armv7-a;@march=armv7-a
 "/Users/bytedance/Library/Android/sdk/ndk/21.3.6528147/toolchains/llvm/prebuilt/darwin-x86_64/bin/../lib/gcc/arm-linux-androideabi/4.9.x/../../../../arm-linux-androideabi/bin/ld" -pie -z noexecstack -EL --warn-shared-textrel -z now -z relro -X --hash-style=gnu --enable-new-dtags --eh-frame-hdr -m armelf_linux_eabi -dynamic-linker /system/bin/linker -o cmTC_d7386 /Users/bytedance/Library/Android/sdk/ndk/21.3.6528147/toolchains/llvm/prebuilt/darwin-x86_64/bin/../sysroot/usr/lib/arm-linux-androideabi/30/crtbegin_dynamic.o -L/Users/bytedance/Library/Android/sdk/ndk/21.3.6528147/toolchains/llvm/prebuilt/darwin-x86_64/lib64/clang/9.0.8/lib/linux/arm -L/Users/bytedance/Library/Android/sdk/ndk/21.3.6528147/toolchains/llvm/prebuilt/darwin-x86_64/bin/../lib/gcc/arm-linux-androideabi/4.9.x/armv7-a -L/Users/bytedance/Library/Android/sdk/ndk/21.3.6528147/toolchains/llvm/prebuilt/darwin-x86_64/bin/../lib/gcc/arm-linux-androideabi/4.9.x/../../../../arm-linux-androideabi/lib/../lib/armv7-a -L/Users/bytedance/Library/Android/sdk/ndk/21.3.6528147/toolchains/llvm/prebuilt/darwin-x86_64/bin/../sysroot/usr/lib/arm-linux-androideabi/30 -L/Users/bytedance/Library/Android/sdk/ndk/21.3.6528147/toolchains/llvm/prebuilt/darwin-x86_64/bin/../sysroot/usr/lib/arm-linux-androideabi -L/Users/bytedance/Library/Android/sdk/ndk/21.3.6528147/toolchains/llvm/prebuilt/darwin-x86_64/bin/../sysroot/usr/lib/../lib -L/Users/bytedance/Library/Android/sdk/ndk/21.3.6528147/toolchains/llvm/prebuilt/darwin-x86_64/bin/../sysroot/usr/lib/arm-linux-androideabi/../../lib -L/Users/bytedance/Library/Android/sdk/ndk/21.3.6528147/toolchains/llvm/prebuilt/darwin-x86_64/bin/../lib/gcc/arm-linux-androideabi/4.9.x/../../../../arm-linux-androideabi/lib/armv7-a -L/Users/bytedance/Library/Android/sdk/ndk/21.3.6528147/toolchains/llvm/prebuilt/darwin-x86_64/bin/../sysroot/usr/lib -search_paths_first -headerpad_max_install_names -v CMakeFiles/cmTC_d7386.dir/CMakeCXXCompilerABI.cpp.o -lc++ -lm -lgcc -ldl -lc -lgcc -ldl /Users/bytedance/Library/Android/sdk/ndk/21.3.6528147/toolchains/llvm/prebuilt/darwin-x86_64/bin/../sysroot/usr/lib/arm-linux-androideabi/30/crtend_android.o
/Users/bytedance/Library/Android/sdk/ndk/21.3.6528147/toolchains/llvm/prebuilt/darwin-x86_64/bin/../lib/gcc/arm-linux-androideabi/4.9.x/../../../../arm-linux-androideabi/bin/ld: warning: cannot find entry symbol 'arch_paths_first'
GNU gold (GNU Binutils 2.27.0.20170315) 1.12



Parsed CXX implicit include dir info from above output: rv=done
  found start of include info
  found start of implicit include info
    add: [/Users/bytedance/Library/Android/sdk/ndk/21.3.6528147/toolchains/llvm/prebuilt/darwin-x86_64/bin/../sysroot/usr/include/c++/v1]
    add: [/Users/bytedance/Library/Android/sdk/ndk/21.3.6528147/toolchains/llvm/prebuilt/darwin-x86_64/bin/../sysroot/usr/local/include]
    add: [/Users/bytedance/Library/Android/sdk/ndk/21.3.6528147/toolchains/llvm/prebuilt/darwin-x86_64/lib64/clang/9.0.8/include]
    add: [/Users/bytedance/Library/Android/sdk/ndk/21.3.6528147/toolchains/llvm/prebuilt/darwin-x86_64/bin/../sysroot/usr/include/arm-linux-androideabi]
    add: [/Users/bytedance/Library/Android/sdk/ndk/21.3.6528147/toolchains/llvm/prebuilt/darwin-x86_64/bin/../sysroot/usr/include]
  end of search list found
  collapse include dir [/Users/bytedance/Library/Android/sdk/ndk/21.3.6528147/toolchains/llvm/prebuilt/darwin-x86_64/bin/../sysroot/usr/include/c++/v1] ==> [/Users/bytedance/Library/Android/sdk/ndk/21.3.6528147/toolchains/llvm/prebuilt/darwin-x86_64/sysroot/usr/include/c++/v1]
  collapse include dir [/Users/bytedance/Library/Android/sdk/ndk/21.3.6528147/toolchains/llvm/prebuilt/darwin-x86_64/bin/../sysroot/usr/local/include] ==> [/Users/bytedance/Library/Android/sdk/ndk/21.3.6528147/toolchains/llvm/prebuilt/darwin-x86_64/sysroot/usr/local/include]
  collapse include dir [/Users/bytedance/Library/Android/sdk/ndk/21.3.6528147/toolchains/llvm/prebuilt/darwin-x86_64/lib64/clang/9.0.8/include] ==> [/Users/bytedance/Library/Android/sdk/ndk/21.3.6528147/toolchains/llvm/prebuilt/darwin-x86_64/lib64/clang/9.0.8/include]
  collapse include dir [/Users/bytedance/Library/Android/sdk/ndk/21.3.6528147/toolchains/llvm/prebuilt/darwin-x86_64/bin/../sysroot/usr/include/arm-linux-androideabi] ==> [/Users/bytedance/Library/Android/sdk/ndk/21.3.6528147/toolchains/llvm/prebuilt/darwin-x86_64/sysroot/usr/include/arm-linux-androideabi]
  collapse include dir [/Users/bytedance/Library/Android/sdk/ndk/21.3.6528147/toolchains/llvm/prebuilt/darwin-x86_64/bin/../sysroot/usr/include] ==> [/Users/bytedance/Library/Android/sdk/ndk/21.3.6528147/toolchains/llvm/prebuilt/darwin-x86_64/sysroot/usr/include]
  implicit include dirs: [/Users/bytedance/Library/Android/sdk/ndk/21.3.6528147/toolchains/llvm/prebuilt/darwin-x86_64/sysroot/usr/include/c++/v1;/Users/bytedance/Library/Android/sdk/ndk/21.3.6528147/toolchains/llvm/prebuilt/darwin-x86_64/sysroot/usr/local/include;/Users/bytedance/Library/Android/sdk/ndk/21.3.6528147/toolchains/llvm/prebuilt/darwin-x86_64/lib64/clang/9.0.8/include;/Users/bytedance/Library/Android/sdk/ndk/21.3.6528147/toolchains/llvm/prebuilt/darwin-x86_64/sysroot/usr/include/arm-linux-androideabi;/Users/bytedance/Library/Android/sdk/ndk/21.3.6528147/toolchains/llvm/prebuilt/darwin-x86_64/sysroot/usr/include]


Parsed CXX implicit link information from above output:
  link line regex: [^( *|.*[/\])(ld\.lld|CMAKE_LINK_STARTFILE-NOTFOUND|([^/\]+-)?ld|collect2)[^/\]*( |$)]
  ignore line: [Change Dir: /Users/bytedance/abseil-cpp/cmake-build-debug/CMakeFiles/CMakeTmp]
  ignore line: []
  ignore line: [Run Build Command(s):/usr/bin/make cmTC_d7386/fast && /Applications/Xcode.app/Contents/Developer/usr/bin/make  -f CMakeFiles/cmTC_d7386.dir/build.make CMakeFiles/cmTC_d7386.dir/build]
  ignore line: [Building CXX object CMakeFiles/cmTC_d7386.dir/CMakeCXXCompilerABI.cpp.o]
  ignore line: [/Users/bytedance/Library/Android/sdk/ndk/21.3.6528147/toolchains/llvm/prebuilt/darwin-x86_64/bin/armv7a-linux-androideabi30-clang++   -isysroot /Applications/Xcode.app/Contents/Developer/Platforms/MacOSX.platform/Developer/SDKs/MacOSX12.3.sdk   -v -Wl -v -o CMakeFiles/cmTC_d7386.dir/CMakeCXXCompilerABI.cpp.o -c /Users/bytedance/Library/Android/sdk/cmake/3.18.1/share/cmake-3.18/Modules/CMakeCXXCompilerABI.cpp]
  ignore line: [Android (6454773 based on r365631c2) clang version 9.0.8 (https://android.googlesource.com/toolchain/llvm-project 98c855489587874b2a325e7a516b99d838599c6f) (based on LLVM 9.0.8svn)]
  ignore line: [Target: armv7a-unknown-linux-android30]
  ignore line: [Thread model: posix]
  ignore line: [InstalledDir: /Users/bytedance/Library/Android/sdk/ndk/21.3.6528147/toolchains/llvm/prebuilt/darwin-x86_64/bin]
  ignore line: [Found candidate GCC installation: /Users/bytedance/Library/Android/sdk/ndk/21.3.6528147/toolchains/llvm/prebuilt/darwin-x86_64/bin/../lib/gcc/arm-linux-androideabi/4.9.x]
  ignore line: [Selected GCC installation: /Users/bytedance/Library/Android/sdk/ndk/21.3.6528147/toolchains/llvm/prebuilt/darwin-x86_64/bin/../lib/gcc/arm-linux-androideabi/4.9.x]
  ignore line: [Candidate multilib: thumb]
  ignore line: [@mthumb]
  ignore line: [Candidate multilib: armv7-a]
  ignore line: [@march=armv7-a]
  ignore line: [Candidate multilib: armv7-a/thumb]
  ignore line: [@march=armv7-a@mthumb]
  ignore line: [Candidate multilib: .]
  ignore line: []
  ignore line: [Selected multilib: armv7-a]
  ignore line: [@march=armv7-a]
  ignore line: [clang++: warning: -Wl -v: 'linker' input unused [-Wunused-command-line-argument]]
  ignore line: [ "/Users/bytedance/Library/Android/sdk/ndk/21.3.6528147/toolchains/llvm/prebuilt/darwin-x86_64/bin/clang++" -cc1 -triple armv7-unknown-linux-android30 -emit-obj -mrelax-all -mnoexecstack -disable-free -disable-llvm-verifier -discard-value-names -main-file-name CMakeCXXCompilerABI.cpp -mrelocation-model pic -pic-level 2 -pic-is-pie -mthread-model posix -mdisable-fp-elim -masm-verbose -mconstructor-aliases -fuse-init-array -target-cpu generic -target-feature +soft-float-abi -target-feature +fpregs -target-feature +vfp2 -target-feature +vfp2d16 -target-feature +vfp2d16sp -target-feature +vfp2sp -target-feature +vfp3 -target-feature +vfp3d16 -target-feature +vfp3d16sp -target-feature +vfp3sp -target-feature -fp16 -target-feature -vfp4 -target-feature -vfp4d16 -target-feature -vfp4d16sp -target-feature -vfp4sp -target-feature -fp-armv8 -target-feature -fp-armv8d16 -target-feature -fp-armv8d16sp -target-feature -fp-armv8sp -target-feature -fullfp16 -target-feature +fp64 -target-feature +d32 -target-feature +neon -target-feature -crypto -target-feature -fp16fml -target-abi aapcs-linux -mfloat-abi soft -fallow-half-arguments-and-returns -dwarf-column-info -debugger-tuning=gdb -target-linker-version 305 -v -coverage-notes-file /Users/bytedance/abseil-cpp/cmake-build-debug/CMakeFiles/CMakeTmp/CMakeFiles/cmTC_d7386.dir/CMakeCXXCompilerABI.cpp.gcno -resource-dir /Users/bytedance/Library/Android/sdk/ndk/21.3.6528147/toolchains/llvm/prebuilt/darwin-x86_64/lib64/clang/9.0.8 -isysroot /Applications/Xcode.app/Contents/Developer/Platforms/MacOSX.platform/Developer/SDKs/MacOSX12.3.sdk -internal-isystem /Users/bytedance/Library/Android/sdk/ndk/21.3.6528147/toolchains/llvm/prebuilt/darwin-x86_64/bin/../sysroot/usr/include/c++/v1 -internal-isystem /Users/bytedance/Library/Android/sdk/ndk/21.3.6528147/toolchains/llvm/prebuilt/darwin-x86_64/bin/../sysroot/usr/local/include -internal-isystem /Users/bytedance/Library/Android/sdk/ndk/21.3.6528147/toolchains/llvm/prebuilt/darwin-x86_64/lib64/clang/9.0.8/include -internal-externc-isystem /Users/bytedance/Library/Android/sdk/ndk/21.3.6528147/toolchains/llvm/prebuilt/darwin-x86_64/bin/../sysroot/usr/include/arm-linux-androideabi -internal-externc-isystem /Users/bytedance/Library/Android/sdk/ndk/21.3.6528147/toolchains/llvm/prebuilt/darwin-x86_64/bin/../sysroot/include -internal-externc-isystem /Users/bytedance/Library/Android/sdk/ndk/21.3.6528147/toolchains/llvm/prebuilt/darwin-x86_64/bin/../sysroot/usr/include -fdeprecated-macro -fdebug-compilation-dir /Users/bytedance/abseil-cpp/cmake-build-debug/CMakeFiles/CMakeTmp -ferror-limit 19 -fmessage-length 0 -fno-signed-char -fobjc-runtime=gcc -fcxx-exceptions -fexceptions -fdiagnostics-show-option -o CMakeFiles/cmTC_d7386.dir/CMakeCXXCompilerABI.cpp.o -x c++ /Users/bytedance/Library/Android/sdk/cmake/3.18.1/share/cmake-3.18/Modules/CMakeCXXCompilerABI.cpp]
  ignore line: [clang -cc1 version 9.0.8 based upon LLVM 9.0.8svn default target x86_64-apple-darwin21.6.0]
  ignore line: [ignoring nonexistent directory "/Users/bytedance/Library/Android/sdk/ndk/21.3.6528147/toolchains/llvm/prebuilt/darwin-x86_64/bin/../sysroot/include"]
  ignore line: [#include "..." search starts here:]
  ignore line: [#include <...> search starts here:]
  ignore line: [ /Users/bytedance/Library/Android/sdk/ndk/21.3.6528147/toolchains/llvm/prebuilt/darwin-x86_64/bin/../sysroot/usr/include/c++/v1]
  ignore line: [ /Users/bytedance/Library/Android/sdk/ndk/21.3.6528147/toolchains/llvm/prebuilt/darwin-x86_64/bin/../sysroot/usr/local/include]
  ignore line: [ /Users/bytedance/Library/Android/sdk/ndk/21.3.6528147/toolchains/llvm/prebuilt/darwin-x86_64/lib64/clang/9.0.8/include]
  ignore line: [ /Users/bytedance/Library/Android/sdk/ndk/21.3.6528147/toolchains/llvm/prebuilt/darwin-x86_64/bin/../sysroot/usr/include/arm-linux-androideabi]
  ignore line: [ /Users/bytedance/Library/Android/sdk/ndk/21.3.6528147/toolchains/llvm/prebuilt/darwin-x86_64/bin/../sysroot/usr/include]
  ignore line: [End of search list.]
  ignore line: [Linking CXX executable cmTC_d7386]
  ignore line: [/Users/bytedance/Library/Android/sdk/cmake/3.18.1/bin/cmake -E cmake_link_script CMakeFiles/cmTC_d7386.dir/link.txt --verbose=1]
  ignore line: [/Users/bytedance/Library/Android/sdk/ndk/21.3.6528147/toolchains/llvm/prebuilt/darwin-x86_64/bin/armv7a-linux-androideabi30-clang++  -isysroot /Applications/Xcode.app/Contents/Developer/Platforms/MacOSX.platform/Developer/SDKs/MacOSX12.3.sdk -Wl -search_paths_first -Wl -headerpad_max_install_names  -v -Wl -v CMakeFiles/cmTC_d7386.dir/CMakeCXXCompilerABI.cpp.o -o cmTC_d7386 ]
  ignore line: [Android (6454773 based on r365631c2) clang version 9.0.8 (https://android.googlesource.com/toolchain/llvm-project 98c855489587874b2a325e7a516b99d838599c6f) (based on LLVM 9.0.8svn)]
  ignore line: [Target: armv7a-unknown-linux-android30]
  ignore line: [Thread model: posix]
  ignore line: [InstalledDir: /Users/bytedance/Library/Android/sdk/ndk/21.3.6528147/toolchains/llvm/prebuilt/darwin-x86_64/bin]
  ignore line: [Found candidate GCC installation: /Users/bytedance/Library/Android/sdk/ndk/21.3.6528147/toolchains/llvm/prebuilt/darwin-x86_64/bin/../lib/gcc/arm-linux-androideabi/4.9.x]
  ignore line: [Selected GCC installation: /Users/bytedance/Library/Android/sdk/ndk/21.3.6528147/toolchains/llvm/prebuilt/darwin-x86_64/bin/../lib/gcc/arm-linux-androideabi/4.9.x]
  ignore line: [Candidate multilib: thumb]
  ignore line: [@mthumb]
  ignore line: [Candidate multilib: armv7-a]
  ignore line: [@march=armv7-a]
  ignore line: [Candidate multilib: armv7-a/thumb]
  ignore line: [@march=armv7-a@mthumb]
  ignore line: [Candidate multilib: .]
  ignore line: []
  ignore line: [Selected multilib: armv7-a]
  ignore line: [@march=armv7-a]
  link line: [ "/Users/bytedance/Library/Android/sdk/ndk/21.3.6528147/toolchains/llvm/prebuilt/darwin-x86_64/bin/../lib/gcc/arm-linux-androideabi/4.9.x/../../../../arm-linux-androideabi/bin/ld" -pie -z noexecstack -EL --warn-shared-textrel -z now -z relro -X --hash-style=gnu --enable-new-dtags --eh-frame-hdr -m armelf_linux_eabi -dynamic-linker /system/bin/linker -o cmTC_d7386 /Users/bytedance/Library/Android/sdk/ndk/21.3.6528147/toolchains/llvm/prebuilt/darwin-x86_64/bin/../sysroot/usr/lib/arm-linux-androideabi/30/crtbegin_dynamic.o -L/Users/bytedance/Library/Android/sdk/ndk/21.3.6528147/toolchains/llvm/prebuilt/darwin-x86_64/lib64/clang/9.0.8/lib/linux/arm -L/Users/bytedance/Library/Android/sdk/ndk/21.3.6528147/toolchains/llvm/prebuilt/darwin-x86_64/bin/../lib/gcc/arm-linux-androideabi/4.9.x/armv7-a -L/Users/bytedance/Library/Android/sdk/ndk/21.3.6528147/toolchains/llvm/prebuilt/darwin-x86_64/bin/../lib/gcc/arm-linux-androideabi/4.9.x/../../../../arm-linux-androideabi/lib/../lib/armv7-a -L/Users/bytedance/Library/Android/sdk/ndk/21.3.6528147/toolchains/llvm/prebuilt/darwin-x86_64/bin/../sysroot/usr/lib/arm-linux-androideabi/30 -L/Users/bytedance/Library/Android/sdk/ndk/21.3.6528147/toolchains/llvm/prebuilt/darwin-x86_64/bin/../sysroot/usr/lib/arm-linux-androideabi -L/Users/bytedance/Library/Android/sdk/ndk/21.3.6528147/toolchains/llvm/prebuilt/darwin-x86_64/bin/../sysroot/usr/lib/../lib -L/Users/bytedance/Library/Android/sdk/ndk/21.3.6528147/toolchains/llvm/prebuilt/darwin-x86_64/bin/../sysroot/usr/lib/arm-linux-androideabi/../../lib -L/Users/bytedance/Library/Android/sdk/ndk/21.3.6528147/toolchains/llvm/prebuilt/darwin-x86_64/bin/../lib/gcc/arm-linux-androideabi/4.9.x/../../../../arm-linux-androideabi/lib/armv7-a -L/Users/bytedance/Library/Android/sdk/ndk/21.3.6528147/toolchains/llvm/prebuilt/darwin-x86_64/bin/../sysroot/usr/lib -search_paths_first -headerpad_max_install_names -v CMakeFiles/cmTC_d7386.dir/CMakeCXXCompilerABI.cpp.o -lc++ -lm -lgcc -ldl -lc -lgcc -ldl /Users/bytedance/Library/Android/sdk/ndk/21.3.6528147/toolchains/llvm/prebuilt/darwin-x86_64/bin/../sysroot/usr/lib/arm-linux-androideabi/30/crtend_android.o]
    arg [/Users/bytedance/Library/Android/sdk/ndk/21.3.6528147/toolchains/llvm/prebuilt/darwin-x86_64/bin/../lib/gcc/arm-linux-androideabi/4.9.x/../../../../arm-linux-androideabi/bin/ld] ==> ignore
    arg [-pie] ==> ignore
    arg [-znoexecstack] ==> ignore
    arg [-EL] ==> ignore
    arg [--warn-shared-textrel] ==> ignore
    arg [-znow] ==> ignore
    arg [-zrelro] ==> ignore
    arg [-X] ==> ignore
    arg [--hash-style=gnu] ==> ignore
    arg [--enable-new-dtags] ==> ignore
    arg [--eh-frame-hdr] ==> ignore
    arg [-m] ==> ignore
    arg [armelf_linux_eabi] ==> ignore
    arg [-dynamic-linker] ==> ignore
    arg [/system/bin/linker] ==> ignore
    arg [-o] ==> ignore
    arg [cmTC_d7386] ==> ignore
    arg [/Users/bytedance/Library/Android/sdk/ndk/21.3.6528147/toolchains/llvm/prebuilt/darwin-x86_64/bin/../sysroot/usr/lib/arm-linux-androideabi/30/crtbegin_dynamic.o] ==> ignore
    arg [-L/Users/bytedance/Library/Android/sdk/ndk/21.3.6528147/toolchains/llvm/prebuilt/darwin-x86_64/lib64/clang/9.0.8/lib/linux/arm] ==> dir [/Users/bytedance/Library/Android/sdk/ndk/21.3.6528147/toolchains/llvm/prebuilt/darwin-x86_64/lib64/clang/9.0.8/lib/linux/arm]
    arg [-L/Users/bytedance/Library/Android/sdk/ndk/21.3.6528147/toolchains/llvm/prebuilt/darwin-x86_64/bin/../lib/gcc/arm-linux-androideabi/4.9.x/armv7-a] ==> dir [/Users/bytedance/Library/Android/sdk/ndk/21.3.6528147/toolchains/llvm/prebuilt/darwin-x86_64/bin/../lib/gcc/arm-linux-androideabi/4.9.x/armv7-a]
    arg [-L/Users/bytedance/Library/Android/sdk/ndk/21.3.6528147/toolchains/llvm/prebuilt/darwin-x86_64/bin/../lib/gcc/arm-linux-androideabi/4.9.x/../../../../arm-linux-androideabi/lib/../lib/armv7-a] ==> dir [/Users/bytedance/Library/Android/sdk/ndk/21.3.6528147/toolchains/llvm/prebuilt/darwin-x86_64/bin/../lib/gcc/arm-linux-androideabi/4.9.x/../../../../arm-linux-androideabi/lib/../lib/armv7-a]
    arg [-L/Users/bytedance/Library/Android/sdk/ndk/21.3.6528147/toolchains/llvm/prebuilt/darwin-x86_64/bin/../sysroot/usr/lib/arm-linux-androideabi/30] ==> dir [/Users/bytedance/Library/Android/sdk/ndk/21.3.6528147/toolchains/llvm/prebuilt/darwin-x86_64/bin/../sysroot/usr/lib/arm-linux-androideabi/30]
    arg [-L/Users/bytedance/Library/Android/sdk/ndk/21.3.6528147/toolchains/llvm/prebuilt/darwin-x86_64/bin/../sysroot/usr/lib/arm-linux-androideabi] ==> dir [/Users/bytedance/Library/Android/sdk/ndk/21.3.6528147/toolchains/llvm/prebuilt/darwin-x86_64/bin/../sysroot/usr/lib/arm-linux-androideabi]
    arg [-L/Users/bytedance/Library/Android/sdk/ndk/21.3.6528147/toolchains/llvm/prebuilt/darwin-x86_64/bin/../sysroot/usr/lib/../lib] ==> dir [/Users/bytedance/Library/Android/sdk/ndk/21.3.6528147/toolchains/llvm/prebuilt/darwin-x86_64/bin/../sysroot/usr/lib/../lib]
    arg [-L/Users/bytedance/Library/Android/sdk/ndk/21.3.6528147/toolchains/llvm/prebuilt/darwin-x86_64/bin/../sysroot/usr/lib/arm-linux-androideabi/../../lib] ==> dir [/Users/bytedance/Library/Android/sdk/ndk/21.3.6528147/toolchains/llvm/prebuilt/darwin-x86_64/bin/../sysroot/usr/lib/arm-linux-androideabi/../../lib]
    arg [-L/Users/bytedance/Library/Android/sdk/ndk/21.3.6528147/toolchains/llvm/prebuilt/darwin-x86_64/bin/../lib/gcc/arm-linux-androideabi/4.9.x/../../../../arm-linux-androideabi/lib/armv7-a] ==> dir [/Users/bytedance/Library/Android/sdk/ndk/21.3.6528147/toolchains/llvm/prebuilt/darwin-x86_64/bin/../lib/gcc/arm-linux-androideabi/4.9.x/../../../../arm-linux-androideabi/lib/armv7-a]
    arg [-L/Users/bytedance/Library/Android/sdk/ndk/21.3.6528147/toolchains/llvm/prebuilt/darwin-x86_64/bin/../sysroot/usr/lib] ==> dir [/Users/bytedance/Library/Android/sdk/ndk/21.3.6528147/toolchains/llvm/prebuilt/darwin-x86_64/bin/../sysroot/usr/lib]
    arg [-search_paths_first] ==> ignore
    arg [-headerpad_max_install_names] ==> ignore
    arg [-v] ==> ignore
    arg [CMakeFiles/cmTC_d7386.dir/CMakeCXXCompilerABI.cpp.o] ==> ignore
    arg [-lc++] ==> lib [c++]
    arg [-lm] ==> lib [m]
    arg [-lgcc] ==> lib [gcc]
    arg [-ldl] ==> lib [dl]
    arg [-lc] ==> lib [c]
    arg [-lgcc] ==> lib [gcc]
    arg [-ldl] ==> lib [dl]
    arg [/Users/bytedance/Library/Android/sdk/ndk/21.3.6528147/toolchains/llvm/prebuilt/darwin-x86_64/bin/../sysroot/usr/lib/arm-linux-androideabi/30/crtend_android.o] ==> ignore
  collapse library dir [/Users/bytedance/Library/Android/sdk/ndk/21.3.6528147/toolchains/llvm/prebuilt/darwin-x86_64/lib64/clang/9.0.8/lib/linux/arm] ==> [/Users/bytedance/Library/Android/sdk/ndk/21.3.6528147/toolchains/llvm/prebuilt/darwin-x86_64/lib64/clang/9.0.8/lib/linux/arm]
  collapse library dir [/Users/bytedance/Library/Android/sdk/ndk/21.3.6528147/toolchains/llvm/prebuilt/darwin-x86_64/bin/../lib/gcc/arm-linux-androideabi/4.9.x/armv7-a] ==> [/Users/bytedance/Library/Android/sdk/ndk/21.3.6528147/toolchains/llvm/prebuilt/darwin-x86_64/lib/gcc/arm-linux-androideabi/4.9.x/armv7-a]
  collapse library dir [/Users/bytedance/Library/Android/sdk/ndk/21.3.6528147/toolchains/llvm/prebuilt/darwin-x86_64/bin/../lib/gcc/arm-linux-androideabi/4.9.x/../../../../arm-linux-androideabi/lib/../lib/armv7-a] ==> [/Users/bytedance/Library/Android/sdk/ndk/21.3.6528147/toolchains/llvm/prebuilt/darwin-x86_64/arm-linux-androideabi/lib/armv7-a]
  collapse library dir [/Users/bytedance/Library/Android/sdk/ndk/21.3.6528147/toolchains/llvm/prebuilt/darwin-x86_64/bin/../sysroot/usr/lib/arm-linux-androideabi/30] ==> [/Users/bytedance/Library/Android/sdk/ndk/21.3.6528147/toolchains/llvm/prebuilt/darwin-x86_64/sysroot/usr/lib/arm-linux-androideabi/30]
  collapse library dir [/Users/bytedance/Library/Android/sdk/ndk/21.3.6528147/toolchains/llvm/prebuilt/darwin-x86_64/bin/../sysroot/usr/lib/arm-linux-androideabi] ==> [/Users/bytedance/Library/Android/sdk/ndk/21.3.6528147/toolchains/llvm/prebuilt/darwin-x86_64/sysroot/usr/lib/arm-linux-androideabi]
  collapse library dir [/Users/bytedance/Library/Android/sdk/ndk/21.3.6528147/toolchains/llvm/prebuilt/darwin-x86_64/bin/../sysroot/usr/lib/../lib] ==> [/Users/bytedance/Library/Android/sdk/ndk/21.3.6528147/toolchains/llvm/prebuilt/darwin-x86_64/sysroot/usr/lib]
  collapse library dir [/Users/bytedance/Library/Android/sdk/ndk/21.3.6528147/toolchains/llvm/prebuilt/darwin-x86_64/bin/../sysroot/usr/lib/arm-linux-androideabi/../../lib] ==> [/Users/bytedance/Library/Android/sdk/ndk/21.3.6528147/toolchains/llvm/prebuilt/darwin-x86_64/sysroot/usr/lib]
  collapse library dir [/Users/bytedance/Library/Android/sdk/ndk/21.3.6528147/toolchains/llvm/prebuilt/darwin-x86_64/bin/../lib/gcc/arm-linux-androideabi/4.9.x/../../../../arm-linux-androideabi/lib/armv7-a] ==> [/Users/bytedance/Library/Android/sdk/ndk/21.3.6528147/toolchains/llvm/prebuilt/darwin-x86_64/arm-linux-androideabi/lib/armv7-a]
  collapse library dir [/Users/bytedance/Library/Android/sdk/ndk/21.3.6528147/toolchains/llvm/prebuilt/darwin-x86_64/bin/../sysroot/usr/lib] ==> [/Users/bytedance/Library/Android/sdk/ndk/21.3.6528147/toolchains/llvm/prebuilt/darwin-x86_64/sysroot/usr/lib]
  implicit libs: [c++;m;gcc;dl;c;gcc;dl]
  implicit dirs: [/Users/bytedance/Library/Android/sdk/ndk/21.3.6528147/toolchains/llvm/prebuilt/darwin-x86_64/lib64/clang/9.0.8/lib/linux/arm;/Users/bytedance/Library/Android/sdk/ndk/21.3.6528147/toolchains/llvm/prebuilt/darwin-x86_64/lib/gcc/arm-linux-androideabi/4.9.x/armv7-a;/Users/bytedance/Library/Android/sdk/ndk/21.3.6528147/toolchains/llvm/prebuilt/darwin-x86_64/arm-linux-androideabi/lib/armv7-a;/Users/bytedance/Library/Android/sdk/ndk/21.3.6528147/toolchains/llvm/prebuilt/darwin-x86_64/sysroot/usr/lib/arm-linux-androideabi/30;/Users/bytedance/Library/Android/sdk/ndk/21.3.6528147/toolchains/llvm/prebuilt/darwin-x86_64/sysroot/usr/lib/arm-linux-androideabi;/Users/bytedance/Library/Android/sdk/ndk/21.3.6528147/toolchains/llvm/prebuilt/darwin-x86_64/sysroot/usr/lib]
  implicit fwks: []


Determining if the include file pthread.h exists passed with the following output:
Change Dir: /Users/bytedance/abseil-cpp/cmake-build-debug/CMakeFiles/CMakeTmp

Run Build Command(s):/usr/bin/make cmTC_52bc7/fast && /Applications/Xcode.app/Contents/Developer/usr/bin/make  -f CMakeFiles/cmTC_52bc7.dir/build.make CMakeFiles/cmTC_52bc7.dir/build
Building CXX object CMakeFiles/cmTC_52bc7.dir/CheckIncludeFile.cxx.o
/Users/bytedance/Library/Android/sdk/ndk/21.3.6528147/toolchains/llvm/prebuilt/darwin-x86_64/bin/armv7a-linux-androideabi30-clang++   -isysroot /Applications/Xcode.app/Contents/Developer/Platforms/MacOSX.platform/Developer/SDKs/MacOSX12.3.sdk -o CMakeFiles/cmTC_52bc7.dir/CheckIncludeFile.cxx.o -c /Users/bytedance/abseil-cpp/cmake-build-debug/CMakeFiles/CMakeTmp/CheckIncludeFile.cxx
Linking CXX executable cmTC_52bc7
/Users/bytedance/Library/Android/sdk/cmake/3.18.1/bin/cmake -E cmake_link_script CMakeFiles/cmTC_52bc7.dir/link.txt --verbose=1
/Users/bytedance/Library/Android/sdk/ndk/21.3.6528147/toolchains/llvm/prebuilt/darwin-x86_64/bin/armv7a-linux-androideabi30-clang++  -isysroot /Applications/Xcode.app/Contents/Developer/Platforms/MacOSX.platform/Developer/SDKs/MacOSX12.3.sdk -Wl,-search_paths_first -Wl,-headerpad_max_install_names CMakeFiles/cmTC_52bc7.dir/CheckIncludeFile.cxx.o -o cmTC_52bc7 
/Users/bytedance/Library/Android/sdk/ndk/21.3.6528147/toolchains/llvm/prebuilt/darwin-x86_64/bin/../lib/gcc/arm-linux-androideabi/4.9.x/../../../../arm-linux-androideabi/bin/ld: warning: cannot find entry symbol 'arch_paths_first'



